<?xml version="1.0" encoding="UTF-8"?>
<!-- Generated by org.testng.reporters.JUnitReportReporter -->
<testsuite hostname="dell-PC" name="com.mmp.tests.VerifyPatientLoginPage" tests="2" failures="0" timestamp="23 Aug 2017 21:13:07 GMT" time="36.463" errors="0">
  <testcase name="appLogin" time="21.117" classname="com.mmp.tests.VerifyPatientLoginPage"/>
  <testcase name="verifyTitle" time="15.346" classname="com.mmp.tests.VerifyPatientLoginPage"/>
</testsuite> <!-- com.mmp.tests.VerifyPatientLoginPage -->
