<?xml version="1.0" encoding="UTF-8"?>
<!-- Generated by org.testng.reporters.JUnitReportReporter -->
<testsuite hostname="dell-PC" name="com.mmp.tests.VerifyPatientLoginPage_ExtentReports1" tests="2" failures="0" timestamp="23 Aug 2017 21:16:51 GMT" time="53.148" errors="0">
  <testcase name="verifyTitle" time="33.722" classname="com.mmp.tests.VerifyPatientLoginPage_ExtentReports1"/>
  <testcase name="appLogin" time="19.426" classname="com.mmp.tests.VerifyPatientLoginPage_ExtentReports1"/>
</testsuite> <!-- com.mmp.tests.VerifyPatientLoginPage_ExtentReports1 -->
