<?xml version="1.0" encoding="UTF-8"?>
<!-- Generated by org.testng.reporters.JUnitReportReporter -->
<testsuite hostname="dell-PC" name="testCases.VerifyProfilePage" tests="4" failures="0" timestamp="16 Oct 2017 23:55:45 GMT" time="23.088" errors="0">
  <testcase name="appLogin" time="7.083" classname="testCases.VerifyProfilePage"/>
  <testcase name="validateTitleAndUsername" time="0.116" classname="testCases.VerifyProfilePage"/>
  <testcase name="verifyTitle" time="0.078" classname="testCases.VerifyProfilePage"/>
  <testcase name="navigateToProfilePage" time="15.811" classname="testCases.VerifyProfilePage"/>
</testsuite> <!-- testCases.VerifyProfilePage -->
