<?xml version="1.0" encoding="UTF-8"?>
<!-- Generated by org.testng.reporters.JUnitReportReporter -->
<testsuite hostname="dell-PC" name="testCases.VerifyPatientHomePage" tests="3" failures="0" timestamp="16 Oct 2017 17:55:31 GMT" time="5.134" errors="0">
  <testcase name="validateTitleAndUsername" time="0.102" classname="testCases.VerifyPatientHomePage"/>
  <testcase name="appLogin" time="5.000" classname="testCases.VerifyPatientHomePage"/>
  <testcase name="verifyTitle" time="0.032" classname="testCases.VerifyPatientHomePage"/>
</testsuite> <!-- testCases.VerifyPatientHomePage -->
