<?xml version="1.0" encoding="UTF-8"?>
<!-- Generated by org.testng.reporters.JUnitReportReporter -->
<testsuite hostname="dell-PC" name="com.mmp.tests.VerifyMMPHomePage_SuiteLevel" tests="1" failures="0" timestamp="25 Aug 2017 19:21:09 GMT" time="15.138" errors="0">
  <testcase name="verifyTitle" time="15.138" classname="com.mmp.tests.VerifyMMPHomePage_SuiteLevel"/>
</testsuite> <!-- com.mmp.tests.VerifyMMPHomePage_SuiteLevel -->
