<?xml version="1.0" encoding="UTF-8"?>
<!-- Generated by org.testng.reporters.JUnitReportReporter -->
<testsuite hostname="dell-PC" name="com.mmp.tests.VerifyPatientHomePage_ExtentReports_Logs" tests="3" failures="0" timestamp="25 Aug 2017 17:42:07 GMT" time="4.896" errors="0">
  <testcase name="appLogin" time="4.781" classname="com.mmp.tests.VerifyPatientHomePage_ExtentReports_Logs"/>
  <testcase name="validateTitleAndUsername" time="0.105" classname="com.mmp.tests.VerifyPatientHomePage_ExtentReports_Logs"/>
  <testcase name="verifyTitle" time="0.010" classname="com.mmp.tests.VerifyPatientHomePage_ExtentReports_Logs"/>
</testsuite> <!-- com.mmp.tests.VerifyPatientHomePage_ExtentReports_Logs -->
