<?xml version="1.0" encoding="UTF-8"?>
<!-- Generated by org.testng.reporters.JUnitReportReporter -->
<testsuite hostname="dell-PC" name="com.mmp.tests.VerifyMMPHomePage" tests="1" failures="0" timestamp="25 Aug 2017 17:42:07 GMT" time="15.045" errors="0">
  <testcase name="verifyTitle" time="15.045" classname="com.mmp.tests.VerifyMMPHomePage"/>
</testsuite> <!-- com.mmp.tests.VerifyMMPHomePage -->
