<?xml version="1.0" encoding="UTF-8"?>
<!-- Generated by org.testng.reporters.JUnitReportReporter -->
<testsuite hostname="dell-PC" name="testCases.VerifyPatientLoginPage" tests="2" failures="0" timestamp="16 Oct 2017 17:55:31 GMT" time="34.830" errors="0">
  <testcase name="appLogin" time="19.089" classname="testCases.VerifyPatientLoginPage"/>
  <testcase name="verifyTitle" time="15.741" classname="testCases.VerifyPatientLoginPage"/>
</testsuite> <!-- testCases.VerifyPatientLoginPage -->
