<?xml version="1.0" encoding="UTF-8"?>
<!-- Generated by org.testng.reporters.JUnitReportReporter -->
<testsuite hostname="dell-PC" name="com.mmp.tests.VerifyPatientLoginPage_ExtentReports_Logs_SuiteLevel" tests="2" failures="0" timestamp="25 Aug 2017 19:21:09 GMT" time="4.916" errors="0">
  <testcase name="appLogin" time="4.906" classname="com.mmp.tests.VerifyPatientLoginPage_ExtentReports_Logs_SuiteLevel"/>
  <testcase name="verifyTitle" time="0.010" classname="com.mmp.tests.VerifyPatientLoginPage_ExtentReports_Logs_SuiteLevel"/>
</testsuite> <!-- com.mmp.tests.VerifyPatientLoginPage_ExtentReports_Logs_SuiteLevel -->
