<?xml version="1.0" encoding="UTF-8"?>
<!-- Generated by org.testng.reporters.JUnitReportReporter -->
<testsuite hostname="dell-PC" name="com.mmp.tests.VerifyPatientHomePage_ExtentReports_Logs_SuiteLevel" tests="3" failures="0" timestamp="26 Aug 2017 02:52:02 GMT" time="4.949" errors="0">
  <testcase name="verifyTitle" time="0.036" classname="com.mmp.tests.VerifyPatientHomePage_ExtentReports_Logs_SuiteLevel"/>
  <testcase name="appLogin" time="4.776" classname="com.mmp.tests.VerifyPatientHomePage_ExtentReports_Logs_SuiteLevel"/>
  <testcase name="validateTitleAndUsername" time="0.137" classname="com.mmp.tests.VerifyPatientHomePage_ExtentReports_Logs_SuiteLevel"/>
</testsuite> <!-- com.mmp.tests.VerifyPatientHomePage_ExtentReports_Logs_SuiteLevel -->
