<?xml version="1.0" encoding="UTF-8"?>
<!-- Generated by org.testng.reporters.JUnitReportReporter -->
<testsuite hostname="dell-PC" name="com.mmp.tests.VerifyPatientLoginPage_ExtentReports_Logs_1" tests="2" failures="0" timestamp="25 Aug 2017 17:42:07 GMT" time="36.454" errors="0">
  <testcase name="verifyTitle" time="15.650" classname="com.mmp.tests.VerifyPatientLoginPage_ExtentReports_Logs_1"/>
  <testcase name="appLogin" time="20.804" classname="com.mmp.tests.VerifyPatientLoginPage_ExtentReports_Logs_1"/>
</testsuite> <!-- com.mmp.tests.VerifyPatientLoginPage_ExtentReports_Logs_1 -->
